<?xml version="1.0" encoding="UTF-8"?>
<!-- Generated by org.testng.reporters.JUnitXMLReporter -->
<testsuite hostname="LAPTOP-J41V6O34" ignored="1" name="Personal Load Test" tests="14" failures="1" timestamp="03 四月 2019 20:14:38 GMT" time="0.176" errors="0">
  <testcase name="Demo1" time="0.012" classname="test.Class1"/>
  <testcase name="Demo2" time="0.003" classname="test.Class1"/>
  <testcase name="Demo3" time="0.003" classname="test.Class2"/>
  <testcase name="Demo4" time="0.0" classname="test.Class2">
    <failure type="org.testng.TestNGException" message="
Parameter &amp;apos;URL&amp;apos; is required by @Test on method Demo4 but has not been marked @Optional or defined
in F:\Java\TestNGDemo\testng2.xml">
      <![CDATA[org.testng.TestNGException: 
Parameter 'URL' is required by @Test on method Demo4 but has not been marked @Optional or defined
in F:\Java\TestNGDemo\testng2.xml
... Removed 24 stack frames]]>
    </failure>
  </testcase> <!-- Demo4 -->
  <testcase name="MobileTest" time="0.01" classname="test.Class3"/>
  <testcase name="MobileTest2" time="0.003" classname="test.Class3"/>
  <testcase name="MobileTest3" time="0.003" classname="test.Class3"/>
  <testcase name="MobileTest4" time="0.002" classname="test.Class3"/>
  <testcase name="Weblogin" time="0.003" classname="test.Class3"/>
  <testcase name="MobileMenu1Test" time="0.009" classname="test.Class4"/>
  <testcase name="MobileMenu2Test" time="0.008" classname="test.Class4"/>
  <testcase name="TimeOutTest" time="0.014" classname="test.Class4"/>
  <testcase name="WebCostcologdin" time="0.001" classname="test.Class4"/>
  <testcase name="MobileAndroidTest" time="0.005" classname="test.Class4"/>
  <testcase name="MobileAppiumTest" time="0.0" classname="test.Class4">
    <ignored/>
  </testcase> <!-- MobileAppiumTest -->
</testsuite> <!-- Personal Load Test -->
